[INFO  - 2018-05-26T09:06:47.936Z] GhostDriver - Main - running on port 23538
[INFO  - 2018-05-26T09:06:48.666Z] Session [1f1beb20-60c4-11e8-8e52-d3494eb438f6] - page.settings - {"XSSAuditingEnabled":false,"javascriptCanCloseWindows":true,"javascriptCanOpenWindows":true,"javascriptEnabled":true,"loadImages":true,"localToRemoteUrlAccessEnabled":false,"userAgent":"Mozilla/5.0 (Windows NT 6.2; WOW64) AppleWebKit/538.1 (KHTML, like Gecko) PhantomJS/2.1.1 Safari/538.1","webSecurityEnabled":true}
[INFO  - 2018-05-26T09:06:48.666Z] Session [1f1beb20-60c4-11e8-8e52-d3494eb438f6] - page.customHeaders:  - {}
[INFO  - 2018-05-26T09:06:48.790Z] Session [1f1beb20-60c4-11e8-8e52-d3494eb438f6] - Session.negotiatedCapabilities - {"browserName":"phantomjs","version":"2.1.1","driverName":"ghostdriver","driverVersion":"1.2.0","platform":"windows-10-32bit","javascriptEnabled":true,"takesScreenshot":true,"handlesAlerts":false,"databaseEnabled":false,"locationContextEnabled":false,"applicationCacheEnabled":false,"browserConnectionEnabled":false,"cssSelectorsEnabled":true,"webStorageEnabled":false,"rotatable":false,"acceptSslCerts":false,"nativeEvents":true,"proxy":{"proxyType":"direct"}}
[INFO  - 2018-05-26T09:06:48.790Z] SessionManagerReqHand - _postNewSessionCommand - New Session Created: 1f1beb20-60c4-11e8-8e52-d3494eb438f6
[ERROR - 2018-05-26T09:06:50.416Z] Session [1f1beb20-60c4-11e8-8e52-d3494eb438f6] - page.onError - msg: ReferenceError: Can't find variable: c
[ERROR - 2018-05-26T09:06:50.416Z] Session [1f1beb20-60c4-11e8-8e52-d3494eb438f6] - page.onError - stack:
  sendLog (https://ss1.bdstatic.com/5eN1bjq8AAUYm2zgoY3K/r/www/cache/static/protocol/https/plugins/every_cookie_4644b13.js:4)
  (anonymous function) (https://ss1.bdstatic.com/5eN1bjq8AAUYm2zgoY3K/r/www/cache/static/protocol/https/plugins/every_cookie_4644b13.js:5)
[INFO  - 2018-05-26T09:06:53.706Z] ShutdownReqHand - _handle - About to shutdown
[INFO  - 2018-05-26T09:08:02.467Z] GhostDriver - Main - running on port 9711
[INFO  - 2018-05-26T09:08:02.706Z] Session [4b3dfbd0-60c4-11e8-aaa1-2d991782d48b] - page.settings - {"XSSAuditingEnabled":false,"javascriptCanCloseWindows":true,"javascriptCanOpenWindows":true,"javascriptEnabled":true,"loadImages":true,"localToRemoteUrlAccessEnabled":false,"userAgent":"Mozilla/5.0 (Windows NT 6.2; WOW64) AppleWebKit/538.1 (KHTML, like Gecko) PhantomJS/2.1.1 Safari/538.1","webSecurityEnabled":true}
[INFO  - 2018-05-26T09:08:02.706Z] Session [4b3dfbd0-60c4-11e8-aaa1-2d991782d48b] - page.customHeaders:  - {}
[INFO  - 2018-05-26T09:08:02.706Z] Session [4b3dfbd0-60c4-11e8-aaa1-2d991782d48b] - Session.negotiatedCapabilities - {"browserName":"phantomjs","version":"2.1.1","driverName":"ghostdriver","driverVersion":"1.2.0","platform":"windows-10-32bit","javascriptEnabled":true,"takesScreenshot":true,"handlesAlerts":false,"databaseEnabled":false,"locationContextEnabled":false,"applicationCacheEnabled":false,"browserConnectionEnabled":false,"cssSelectorsEnabled":true,"webStorageEnabled":false,"rotatable":false,"acceptSslCerts":false,"nativeEvents":true,"proxy":{"proxyType":"direct"}}
[INFO  - 2018-05-26T09:08:02.707Z] SessionManagerReqHand - _postNewSessionCommand - New Session Created: 4b3dfbd0-60c4-11e8-aaa1-2d991782d48b
[INFO  - 2018-05-26T09:08:08.106Z] ShutdownReqHand - _handle - About to shutdown
[INFO  - 2018-05-26T09:10:09.981Z] GhostDriver - Main - running on port 37293
[INFO  - 2018-05-26T09:10:10.217Z] Session [973e9e40-60c4-11e8-a7fe-c72c39dbd934] - page.settings - {"XSSAuditingEnabled":false,"javascriptCanCloseWindows":true,"javascriptCanOpenWindows":true,"javascriptEnabled":true,"loadImages":true,"localToRemoteUrlAccessEnabled":false,"userAgent":"Mozilla/5.0 (Windows NT 6.2; WOW64) AppleWebKit/538.1 (KHTML, like Gecko) PhantomJS/2.1.1 Safari/538.1","webSecurityEnabled":true}
[INFO  - 2018-05-26T09:10:10.217Z] Session [973e9e40-60c4-11e8-a7fe-c72c39dbd934] - page.customHeaders:  - {}
[INFO  - 2018-05-26T09:10:10.217Z] Session [973e9e40-60c4-11e8-a7fe-c72c39dbd934] - Session.negotiatedCapabilities - {"browserName":"phantomjs","version":"2.1.1","driverName":"ghostdriver","driverVersion":"1.2.0","platform":"windows-10-32bit","javascriptEnabled":true,"takesScreenshot":true,"handlesAlerts":false,"databaseEnabled":false,"locationContextEnabled":false,"applicationCacheEnabled":false,"browserConnectionEnabled":false,"cssSelectorsEnabled":true,"webStorageEnabled":false,"rotatable":false,"acceptSslCerts":false,"nativeEvents":true,"proxy":{"proxyType":"direct"}}
[INFO  - 2018-05-26T09:10:10.217Z] SessionManagerReqHand - _postNewSessionCommand - New Session Created: 973e9e40-60c4-11e8-a7fe-c72c39dbd934
[INFO  - 2018-05-26T09:10:15.231Z] ShutdownReqHand - _handle - About to shutdown
[INFO  - 2018-05-26T09:10:47.453Z] GhostDriver - Main - running on port 43048
[INFO  - 2018-05-26T09:10:47.692Z] Session [ad950080-60c4-11e8-b334-1f1bd8e19404] - page.settings - {"XSSAuditingEnabled":false,"javascriptCanCloseWindows":true,"javascriptCanOpenWindows":true,"javascriptEnabled":true,"loadImages":true,"localToRemoteUrlAccessEnabled":false,"userAgent":"Mozilla/5.0 (Windows NT 6.2; WOW64) AppleWebKit/538.1 (KHTML, like Gecko) PhantomJS/2.1.1 Safari/538.1","webSecurityEnabled":true}
[INFO  - 2018-05-26T09:10:47.693Z] Session [ad950080-60c4-11e8-b334-1f1bd8e19404] - page.customHeaders:  - {}
[INFO  - 2018-05-26T09:10:47.693Z] Session [ad950080-60c4-11e8-b334-1f1bd8e19404] - Session.negotiatedCapabilities - {"browserName":"phantomjs","version":"2.1.1","driverName":"ghostdriver","driverVersion":"1.2.0","platform":"windows-10-32bit","javascriptEnabled":true,"takesScreenshot":true,"handlesAlerts":false,"databaseEnabled":false,"locationContextEnabled":false,"applicationCacheEnabled":false,"browserConnectionEnabled":false,"cssSelectorsEnabled":true,"webStorageEnabled":false,"rotatable":false,"acceptSslCerts":false,"nativeEvents":true,"proxy":{"proxyType":"direct"}}
[INFO  - 2018-05-26T09:10:47.693Z] SessionManagerReqHand - _postNewSessionCommand - New Session Created: ad950080-60c4-11e8-b334-1f1bd8e19404
[INFO  - 2018-05-26T09:10:52.702Z] ShutdownReqHand - _handle - About to shutdown
